[   0.0000] Initalzing crop susy cpust
[    000000] Itializing cgroup subsys cpu
[    0.000000] Initializing cgroup subsys cpuacct
[    0.000000] Linux version 4.4.0-143-generic (buildd@lgw01-amd64-041) (gcc version 5.4.0 20160609 (Ubuntu 5.4.6ubuu1~16.040) ) 16-UbuntSMP ThFeb 7 7:6:38 UTC 019 Ubntu 4..0143.19-eneric 4.170
[    000000] Command line: BOOT_IMAGE=/boot/vmlinuz-4..0143-genri rooLABEL=oudig-ootfs o onsole=t1 console=ttyS0
[    0.000000] KKERNL uppoed cpus:
[    0.000000]   Intel GenuineIntel
[    0.000000]   AMD AuthenticAMD
[    0.000000]   Centaur CentaurHauls
[    0.000000] x86/fpu: xstate_offset[2]:  576, xstate_sizes[2]:  256
[    0.000000] x86/fpu: Supporting XSAVE feature 0x01: 'x87 floating point registers'
[    0.000000] x86/fpu: Supporting XSAV feature 0x02: 'SSE registers'
[    0.000000] x86/fpu: Supporting XSAVE feature 0x04: 'AVX registers'
[    0.000000] x86/fpu: Enabled xstate features 0x7, context size is 832 bytes, using 'standard' format.
[    0.000000] e820: BIOS-provided physical RAM map:
[    0.000000] BIOS-e820: [mem 0x0000000000000000-0x000000000009fbff] usabl
[   0.000000BIOS-e820: [mem 0x000000000009fc00-0x000000000009ffff] reserved
[    0.000000] BIO-e820: [mem 0x00000000000f0000-0x00000000000fffff] reserved
[    0.000000] BIOS-e820 [me0x0000000000100000-0x000000003ffeffff] usable
[    0.000000] BIOS-e820: [mem 0x000000003fff0000-0x000000003fffffff] ACPI data
[    0.000000] BIOS-e820: [mem 0x00000000fec00000-0x00000000fec00fff] reserved
[    0.000000] BIOS-e820: [mem 0x00000000fee00000-0x00000000fee00fff] reserved
[    0.000000] BIOS-e820: [mem 0x00000000fffc0000-0x00000000ffffffff] reserved
[    0.000000] NX (Execute Disable) protetion: active
[    0.000000] SMBIOS 2.5 present.
[    0.000000] Hypervisor detected: VM
[  0.00000 e820: last_pfn = 0x3fff0 max_arch_pfn = 0x400000000
[    0.000000] MTRR: Disabled
[    0.000000] x86/PAT: MTRRs disabled, skipping PAT initializatiiontoo.
[    0.000000] CPU MTRRs all blank - virtualized system.
[    0.000000] x86/PAT: Configuration [0-7]: WB  WT  UC- UC  WB  WT  UC- UC  
[    0.000000] found SMP MP-table at [mem 0x0009fff0-0x0009ffff] mapped at [ffff88000009fff0]
[    0.000000] Scanning 1 areas for low memory corruption
[    0.000000] RAMDISK: [mem 0x36300000-0x37177fff]
[    0.000000] ACPI: Early table checksum verification disabled
[    0.000000] ACPI: RSDP 0x00000000000E0000 000024 (v02 VBOX  )
[    0.000000] ACPI: XSDT 0x000000003FFF0030 00003C (v01 VBOX   VBOXXSDT 00000001 ASL  00000061)
[    0.000000] ACPI: FACP 0x000000003FFF00F0 0000F4 (v04 VBOX   VBOXFACP 00000001 ASL  00000061)
[    0.000000] ACPI: DSDT 0x000000003FFF0470 0021FF (v02 VBOX   VBOXBIOS 00000002 INTL 20100528)
[    0.000000] ACPI: FACS 0x000000003FFF0200 000040
[    0.000000] ACPI: FACS 0x000000003FFF0000000
[   .00000 ACPI:APC 0x0000003FF040 00005C (v02 VBOX   VBOXAPIC 00000001 ASL  00000061)
[    0.000000] ACPI: SSDT 0x000000003FFF02A0 0001CC (v01 VBOX   VBOXCPUT 00000002 IL 2010058)
[    00000 No NUMA configuration found
[    0.000000] Faking a node at [mem 0x0000000000000000-0x000000003ffeffff]

[    0.000000] NODE_DATA(0) allocated [mem 0x3ffeb000-0x3ffeffff]
[    0.000000] kvm-clock: Using msrs 4b564d01 and 4b564d00
[    0.000000] kvm-clock: cpu 0, msr 0:3ffe3001, primary cpu clock
[    0.000000] kvm-clock: using sched offset of 3991089945 cycles
[    0.000000] clocksource: kvm-clock: mask: 0xffffffffffffffff max_cycles: 0x1cd42e4dffb, max_idle_ns: 881590591483 ns
[    0.000000] Zone ranges:
[    0.000000]   DMA      [mem 0x0000000000001000-0x000000000fffff][   0.00000  DMA3   [me0x0000000001000000-0x000000003ffeffff]
[   .000000]   Normal   empty
[    0.000000]   Device   empty
[    0.000000] Movable zone start for each node
[    0.000000] Early memory node ranges
[    0.000000]   node   0: [mem 0x0000000000001000-0x000000000009efff]
[    0.000000]   node   0: [mem 0x0000000000100000-0x000000003ffeffff]
[    0.000000] Initmem setup node 0 [mem 0x0000000000001000-0x000000003ffeffff]
[    0.000000] ACPI: P-Tmer IOort:x4008[    .00000]IOPIC[0] aic_id , version 32, address 0xfec00000, GSI 0-23
[    0.000000] ACPI: INT_SRC_OVR (bus 0 bus_irq 0 global_irq 2 dfl dfl)
[    0.000000] ACPI: INT_SRC_OVR (bus 0 bus_irq 9 global_irq 9 low level)
[    0.000000] Using ACPI (MADT) for SMP configuration information
[    0.000000] smpboot: Allowing 2 CPUs, 0 hotplug CPUs
[    0.000000] PM: Registered nosave memory: [mem 0x00000000-0x00000fff]
[    0.000000] PM: Registered nosave memory: [mem 0x0009f000-0x0009ffff]
[    0.000000] PM: Registered nosave memory: [mem 0x000a0000-0x000effff]
[    0.000000] PM: Registered nosave memory: [mem 0x000f0000-0x000fffff]
[    0.000000] e820: [mem 0x40000000-0xfebfffff] available for PCI devices
[    0.000000] Booting paravirtualized kernel on KVM
[    0.000000] clocksource: refined-jiffies: mask: 0xffffffff max_cycles: 0xffffffff, max_idle_ns: 7645519600211568 ns
[    0.000000] setup_percpu: NR_CPUS:512 nr_cpumask_bits:512 nr_cpu_ids:2 nr_node_ids:1
[    0.000000] PERCPU: Embedded 34 pages/cpu @ffff88003fc00000 s99480 r8192 d31592 u1048576
[    0.000000] Built 1 zonelists in Node order, mobility grouping on.  Total pages: 257912
[    0.000000] Policy zone: DMA32
[    0.000000] Kernel command line: BOOT_IMAGE=/boot/vmlinuz-4.4.0-143-generic root=LABEL=cloudimg-rootfs ro console=tty1 console=ttyS0
[    0.000000] PID hash table entries: 4096 (order: 3, 32768 bytes)
[    0.000000] Memory: 997716K/1048120K available (8608K kernel code, 1332K rwdata, 4008K rodata, 1484K init, 1316K bss, 5040 resered 0K a-reserved
    0.0000] LU: HWalign=64, Order=0-3, MinObjects=0, CPUs=2, Nodes=1
[    0.000000] Kernel/User page tables isolation: enabled
[    0.000000] Hierarchical RCU implementation.
[    0.000000] 	Build-time adjustment of leaf fanout to 64.
[    0.000000] 	RCU restricting CPs from NR_CPUS=512 to nr_cpu_ids=2.
[    0.000000] RCU: Adjusting geometry for rcu_fanout_leaf=64, nr_cpu_ids=2
[    0.000000] NR_IRQS:33024 nr_irqs:440 16
[    0.000000] Console: colour VGA+ 80x25
[    0.000000] console [tty1] enabled
[    0.000000] console [ttyS0] enabled
[    0.000000] tsc: Detected 3398.030 MHz processor
[    4.190052] Calibrating delay loop (skipped) preset value.. 6796.06 BogoMIPS (lpj=13592120)
[    4.192792] pid_max: default: 32768 minimum: 301
[    4.194324] ACPI: Core revision 20150930
[    4.199044] ACPI: 2 ACPI AML tables successfully acquired and loaded
[    4.201126] Security Framework initialized
[    4.202504] Yama: becoming mindful.
[    4.203829] AppArmor: AppArmor initialized
[    4.205403] Dentry cache hash table entries: 131072 (order: 8, 1048576 bytes)
[    4.209282] Inode-cache hash table entries: 65536 (order: 7, 524288 bytes)
[    4.335799] Mount-cache hash table entries: 2048 (order: 2, 16384 bytes)
[    4.337778] Mountpoint-cache hash table entries: 2048 (order: 2, 16384 bytes)
[    4.340090] Initializing cgroup subsys io
[    4.341507] Initializing cgroup subsys memory
[    4.342952] Initializing cgroup subsys devices
[    4.344412] Initializing cgroup subsys freezer
[    4.345916] Initializing cgroup subsys net_cls
[    4.366970] Initializing cgroup subsys perf_event
[    4.368453] Initializing cgroup subsys net_prio
[    4.371904] Initializing cgroup subsys hugetlb
[    4.373359] Initializing cgroup subsys pids
[    4.375585] mce: CPU supports 0 MCE banks
[    4.376963] Last level iTLB entries: 4KB 1024, 2MB 1024, 4MB 1024
[    4.378800] Last level dTLB entries: 4KB 1024, 2MB 1024, 4MB 1024, 1GB 4
[    4.380708] Spectre V2 : Mitigation: Full generic retpoline
[    4.395188] Spectre V2 : Spectre v2 / SpectreRSB mitigation: Filling RSB on context switch
[    4.397842] Speculative Store Bypass: Vulnerable
[    4.402799] Freeing SMP alternatives memory: 32K
[    4.411007] ftrace: allocating 32278 entries in 127 pages
[    4.486948] smpboot: APIC(0) Converting physical 0 to logical package 0
[    4.646790] smpboot: Max logical packages: 1
[    4.648743] x2apic enabled
[    4.650365] Switched APIC routing to physical x2apic.
[    4.654844] ..TIMER: vector=0x30 apic1=0 pin1=2 apic2=-1 pin2=-1
[    4.773659] smpboot: CPU0: Intel(R) Core(TM) i5-4670K CPU @ 3.40GHz (family: 0x6, model: 0x3c, stepping: 0x3)
[    4.931327] Performance Events: unsupported p6 CPU model 60 no PMU driver, software events only.
[    4.973359] KVM setup paravirtual spinlock
[    5.094283] x86: Booting SMP configuration:
[    5.095760] .... node  #0, CPUs:      #1
[    5.097000] kvm-clock: cpu 1, msr 0:3ffe3041, secondary cpu clock
[    5.098812] mce: CPU supports 0 MCE banks
[    5.101486] x86: Booted up 1 node, 2 CPUs
[    5.103242] smpboot: Total of 2 processors activated (13592.12 BogoMIPS)
[    5.105707] devtmpfs: initialized
[    5.167544] evm: security.selinux
[    5.168767] evm: security.SMACK64
[    5.169965] evm: security.SMACK64EXEC
[    5.231109] evm: security.SMACK64TRANSMUTE
[    5.320011] evm: security.SMACK64MMAP
[    5.321296] evm: security.ima
[    5.322431] evm: security.capability
[    5.360321] clocksource: jiffies: mask: 0xffffffff max_cycles: 0xffffffff, max_idle_ns: 7645041785100000 ns
[    5.469877] futex hash table entries: 512 (order: 3, 32768 bytes)
[    5.471831] pinctrl core: initialized pinctrl subsystem
[    5.479420] RTC time: 11:34:53, date: 03/22/19
[    5.481167] NET: Registered protocol family 16
[    5.495082] cpuidle: using governor ladder
[    5.579958] cpuidle: using governor menu
[    5.662721] PCCT header not found.
[    5.669131] ACPI: bus type PCI registered
[    5.677333] acpiphp: ACPI Hot Plug PCI Controller Driver version: 0.5
[    5.831923] PCI: Using configuration type 1 for base access
[    5.872667] ACPI: Added _OSI(Module Device)
[    5.889561] ACPI: Added _OSI(Processor Device)
[    5.904275] ACPI: Added _OSI(3.0 _SCP Extensions)
[    5.905753] ACPI: Added _OSI(Processor Aggregator Device)
[    5.908746] ACPI: Executed 1 blocks of module-level executable AML code
[    5.915821] ACPI: Interpreter enabled
[    5.917100] ACPI: (supports S0 S5)
[    5.918360] ACPI: Using IOAPIC for interrupt routing
[    5.920276] PCI: Using host bridge windows from ACPI; if necessary, use "pci=nocrs" and report a bug
[    5.930783] ACPI: PCI Root Bridge [PCI0] (domain 0000 [bus 00-ff])
[    6.085380] acpi PNP0A03:00: _OSC: OS supports [ASPM ClockPM Segments MSI]
[    6.227237] acpi PNP0A03:00: _OSC: not requesting OS control; OS requires [ExtendedConfig ASPM ClockPM MSI]
[    6.230256] acpi PNP0A03:00: fail to add MMCONFIG information, can't access extended PCI configuration space under this bridge.
[    6.250294] PCI host bridge to bus 0000:00
[    6.251683] pci_bus 0000:00: root bus resource [io  0x0000-0x0cf7 window]
[    6.253887] pci_bus 0000:00: root bus resource [io  0x0d00-0xffff window]
[    6.255823] pci_bus 0000:00: root bus resource [mem 0x000a0000-0x000bffff window]
[    6.258369] pci_bus 0000:00: root bus resource [mem 0x40000000-0xfdffffff window]
[    6.260849] pci_bus 0000:00: root bus resource [bus 00-ff]
[    6.274202] pci 0000:00:01.1: legacy IDE quirk: reg 0x10: [io  0x01f0-0x01f7]
[    6.276208] pci 0000:00:01.1: legacy IDE quirk: reg 0x14: [io  0x03f6]
[    6.278086] pci 0000:00:01.1: legacy IDE quirk: reg 0x18: [io  0x0170-0x0177]
[    6.355845] pci 0000:00:01.1: legacy IDE quirk: reg 0x1c: [io  0x0376]
[    6.370942] pci 0000:00:07.0: quirk: [io  0x4000-0x403f] claimed by PIIX4 ACPI
[    6.413570] pci 0000:00:07.0: quirk: [io  0x4100-0x410f] claimed by PIIX4 SMB
[    6.442832] ACPI: PCI Interrupt Link [LNKA] (IRQs 5 9 10 *11)
[    6.537545] ACPI: PCI Interrupt Link [LNKB] (IRQs 5 9 *10 11)
[    6.628026] ACPI: PCI Interrupt Link [LNKC] (IRQs 5 *9 10 11)
[    6.727448] ACPI: PCI Interrupt Link [LNKD] (IRQs 5 9 10 *11)
[    6.729905] ACPI: Enabled 2 GPEs in block 00 to 07
[    6.786337] vgaarb: setting as boot device: PCI:0000:00:02.0
[    6.812238] vgaarb: device added: PCI:0000:00:02.0,decodes=io+mem,owns=io+mem,locks=none
[    6.814903] vgaarb: loaded
[    6.815975] vgaarb: bridge control possible 0000:00:02.0
[    6.817968] SCSI subsystem initialized
[    6.819466] ACPI: bus type USB registered
[    6.820822] usbcore: registered new interface driver usbfs
[    6.822506] usbcore: registered new interface driver hub
[    6.824124] usbcore: registered new device driver usb
[    6.827314] PCI: Using ACPI for IRQ routing
[    6.895090] NetLabel: Initializing
[    6.896434] NetLabel:  domain hash size = 128
[    6.897910] NetLabel:  protocols = UNLABELED CIPSOv4
[    6.899529] NetLabel:  unlabeled traffic allowed by default
[    6.901591] amd_nb: Cannot enumerate AMD northbridges
[    6.907820] clocksource: Switched to clocksource kvm-clock
[    6.924936] AppArmor: AppArmor Filesystem Enabed
[    6.962493] pnp: PnP ACPI init
[    6.965087] pnp: PnP ACPI: found 3 devices

[    6.977001] clocksource: acpi_pm: mask: 0xffffff max_cycles: 0xffffff, max_idle_ns: 2085701024 ns
[    7.001798] NET: Registered protocol family 2
[    7.003502] TCP established hash table entries: 8192 (order: 4, 65536 bytes)
[    7.005581] TCP bind hash table entries: 8192 (order: 5, 131072 bytes)
[    7.007523] TCP: Hash tables configured (established 8192 bind 8192)
[    7.009426] UDP hash table entries: 512 (order: 2, 16384 bytes)
[    7.011209] UDP-Lite hash table entries: 512 (order: 2, 16384 bytes)
[    7.013133] NET: Registered protocol family 1
[    7.014606] pci 0000:00:00.0: Limiting direct PCI/PCI transfers
[    7.016404] pci 0000:00:01.0: Activating ISA DMA hang workarounds
[    7.018403] Unpacking initramfs...
[    7.422705] Freeing initrd memory: 14816K
[    7.499674] RAPL PMU detected, API unit is 2^-32 Joules, 4 fixed counters 10737418240 ms ovfl timer
[    7.591034] hw unit of domain pp0-core 2^-0 Joules
[    7.692672] hw unit of domain package 2^-0 Joules
[    7.778633] hw unit of domain dram 2^-0 Joules
[    7.801919] hw unit of domain pp1-gpu 2^-0 Joules
[    7.803527] platform rtc_cmos: registered platform RTC device (no PNP device found)
[    7.806190] Scanning for low memory corruption every 60 seconds
[    7.808474] audit: initializing netlink subsys (disabled)
[    7.810193] audit: type=2000 audit(1553254495.354:1): initialized
[    7.812435] Initialise system trusted keyring
[    7.814156] HugeTLB registered 2 MB page size, pre-allocated 0 pages
[    7.818862] zbud: loaded
[    7.820498] VFS: Disk quotas dquot_6.6.0
[    7.821955] VFS: Dquot-cache hash table entries: 512 (order 0, 4096 bytes)
[    7.824356] squashfs: version 4.0 (2009/01/31) Phillip Lougher
[    7.826642] fuse init (API version 7.23)
[    7.828225] Key type big_key registered
[    7.829627] Allocating IMA MOK and blacklist keyrings.
[    7.833006] Key type asymmetric registered
[    7.834508] Asymmetric key parser 'x509' registered
[    7.836122] Block layer SCSI generic (bsg) driver version 0.4 loaded (major 249)
[    7.838836] io scheduler noop registered
[    7.840291] io scheduler deadline registered (default)
[    7.912435] io scheduler cfq registered
[    7.969527] pci_hotplug: PCI Hot Plug PCI Core version: 0.5
[    7.995458] pciehp: PCI Express Hot Plug Controller Driver version: 0.4
[    8.010510] ACPI: AC Adapter [AC] (on-line)
[    8.013943] input: Power Button as /devices/LNXSYSTM:00/LNXPWRBN:00/input/input0
[    8.052369] ACPI: Power Button [PWRF]
[    8.053763] input: Sleep Button as /devices/LNXSYSTM:00/LNXSLPBN:00/input/input1
[    8.056337] ACPI: Sleep Button [SLPF]
[    8.057930] GHES: HEST is not enabled!
[    8.059398] Serial: 8250/16550 driver, 32 ports, IRQ sharing enabled
[    8.084363] 00:02: ttyS0 at I/O 0x3f8 (irq = 4, base_baud = 115200) is a 16550A
[    8.172170] Linux agpgart interface v0.103
[    8.176292] loop: module loaded
[    8.200184] scsi host0: ata_piix
[    8.267710] scsi host1: ata_piix
[    8.289198] ata1: PATA max UDMA/33 cmd 0x1f0 ctl 0x3f6 bmdma 0xd000 irq 14
[    8.306021] ata2: PATA max UDMA/33 cmd 0x170 ctl 0x376 bmdma 0xd008 irq 15
[    8.380555] libphy: Fixed MDIO Bus: probed
[    8.382045] tun: Universal TUN/TAP device driver, 1.6
[    8.383598] tun: (C) 1999-2004 Max Krasnyansky <maxk@qualcomm.com>
[    8.385581] PPP generic driver version 2.4.2
[    8.387157] ehci_hcd: USB 2.0 'Enhanced' Host Controller (EHCI) Driver
[    8.404023] ehci-pci: EHCI PCI platform driver
[    8.424934] ehci-platform: EHCI generic platform driver
[    8.426540] ohci_hcd: USB 1.1 'Open' Host Controller (OHCI) Driver
[    8.467884] ohci-pci: OHCI PCI platform driver
[    8.469374] ohci-platform: OHCI generic platform driver
[    8.471012] uhci_hcd: USB Universal Host Controller Interface driver
[    8.474669] i8042: PNP: PS/2 Controller [PNP0303:PS2K,PNP0f03:PS2M] at 0x60,0x64 irq 1,12
[    8.478087] serio: i8042 KBD port at 0x60,0x64 irq 1
[    8.479676] serio: i8042 AUX port at 0x60,0x64 irq 12
[    8.481514] mousedev: PS/2 mouse device common for all mice
[    8.483891] input: AT Translated Set 2 keyboard as /devices/platform/i8042/serio0/input/input2
[    8.490587] rtc_cmos rtc_cmos: rtc core: registered rtc_cmos as rtc0
[    8.492544] rtc_cmos rtc_cmos: alarms up to one day, 114 bytes nvram
[    8.494429] i2c /dev entries driver
[    8.495776] device-mapper: uevent: version 1.0.3
[    8.500503] device-mapper: ioctl: 4.34.0-ioctl (2015-10-28) initialised: dm-devel@redhat.com
[    8.531540] ledtrig-cpu: registered to indicate activity on CPUs
[    8.603244] NET: Registered protocol family 10
[    8.708929] NET: Registered protocol family 17
[    8.733490] Key type dns_resolver registered
[    8.735643] registered taskstats version 1
[    8.800519] tsc: Refined TSC clocksource calibration: 3401.996 MHz
[    8.800522] clocksource: tsc: mask: 0xffffffffffffffff max_cycles: 0x3109ac8a3fe, max_idle_ns: 440795346889 ns
[    8.861748] Loading compiled-in X.509 certificates
[    8.864088] Loaded X.509 cert 'Build time autogenerated kernel key: d03773f65dd2b75b701d4dd50cb1e8d0c07b3b6e'
[    8.958649] zswap: loaded using pool lzo/zbud
[    8.962810] Key type trusted registered
[    8.968591] Key type encrypted registered
[    8.969932] AppArmor: AppArmor sha1 policy hashing enabled
[    8.971600] ima: No TPM chip found, activating TPM-bypass!
[    8.973314] ima: Allocated hash algorithm: sha1
[    8.974766] evm: HMAC attrs: 0x1
[    8.976447]   Magic number: 11:828:580
[    8.977885] rtc_cmos rtc_cmos: setting system clock to 2019-03-22 11:34:56 UTC (1553254496)
[    8.981020] BIOS EDD facility v0.16 2004-Jun-25, 0 devices found
[    8.982772] EDD information not available.
[    9.001993] Freeing unused kernel memory: 1484K
[    9.067959] Write protecting the kernel read-only data: 14336k
[    9.121241] Freeing unused kernel memory: 1620K
[    9.207751] Freeing unused kernel memory: 88K
Loading, please wait...
starting version[   10.391997] random: systemd-udevd: uninitialized urandom read (16 bytes read, 3 bits of entropy available)
 229
[   10.392792] random: udevadm: uninitialized urandom read (16 bytes read, 3 bits of entropy available)
[   10.392812] random: udevadm: uninitialized urandom read (16 bytes read, 3 bits of entropy available)
[   10.407255] random: udevadm: uninitialized urandom read (16 bytes read, 3 bits of entropy available)
[   10.407317] random: udevadm: uninitialized urandom read (16 bytes read, 3 bits of entropy available)
[   10.407534] random: udevadm: uninitialized urandom read (16 bytes read, 3 bits of entropy available)
[   10.407615] random: udevadm: uninitialized urandom read (16 bytes read, 3 bits of entropy available)
[   10.407693] random: udevadm: uninitialized urandom read (16 bytes read, 3 bits of entropy available)
[   10.407775] random: udevadm: uninitialized urandom read (16 bytes read, 3 bits of entropy available)
[   10.407954] random: udevadm: uninitialized urandom read (16 bytes read, 3 bits of entropy available)
[   10.833405] e1000: Intel(R) PRO/1000 Network Driver - version 7.3.21-k8-NAPI
[   10.841876] e1000: Copyright (c) 1999-2006 Intel Corporation.
[   10.845280] Fusion MPT base driver 3.04.20
[   10.846712] Copyright (c) 1999-2008 LSI Corporation
[   10.856131] Fusion MPT SPI Host driver 3.04.20
[   10.890206] AVX2 version of gcm_enc/dec engaged.
[   10.904656] AES CTR mode by8 optimization enabled
[   11.057873] input: ImExPS/2 Generic Explorer Mouse as /devices/platform/i8042/serio1/input/input4
[   11.283954] e1000 0000:00:03.0 eth0: (PCI:33MHz:32-bit) 02:0a:56:fb:b9:09
[   11.360085] e1000 0000:00:03.0 eth0: Intel(R) PRO/1000 Network Connection
[   11.439557] mptbase: ioc0: Initiating bringup
[   11.493789] e1000 0000:00:03.0 enp0s3: renamed from eth0
[   11.564831] ioc0: LSI53C1030 A0: Capabilities={Initiator}
[   11.770178] scsi host2: ioc0: LSI53C1030 A0, FwRev=00000000h, Ports=1, MaxQ=256, IRQ=20
[   11.974840] scsi 2:0:0:0: Direct-Access     VBOX     HARDDISK         1.0  PQ: 0 ANSI: 5
[   12.961738] scsi target2:0:0: Beginning Domain Validation
[   12.964911] scsi target2:0:0: Domain Validation skipping write tests
[   12.966760] scsi target2:0:0: Ending Domain Validation
[   12.968463] scsi target2:0:0: asynchronous
[   12.970448] scsi 2:0:1:0: Direct-Access     VBOX     HARDDISK         1.0  PQ: 0 ANSI: 5
[   13.284242] scsi target2:0:1: Beginning Domain Validation
[   13.308998] scsi target2:0:1: Domain Validation skipping write tests
[   13.951966] scsi target2:0:1: Ending Domain Validation
[   13.953650] scsi target2:0:1: asynchronous
[   13.961707] sd 2:0:0:0: [sda] 20971520 512-byte logical blocks: (10.7 GB/10.0 GiB)
[   13.962028] sd 2:0:0:0: Attached scsi generic sg0 type 0
[   13.962789] sd 2:0:1:0: Attached scsi generic sg1 type 0
[   13.962870] sd 2:0:1:0: [sdb] 20480 512-byte logical blocks: (10.5 MB/10.0 MiB)
[   13.963272] sd 2:0:1:0: [sdb] Write Protect is off
[   13.963450] sd 2:0:1:0: [sdb] Incomplete mode parameter data
[   13.963452] sd 2:0:1:0: [sdb] Assuming drive cache: write through
[   13.965772] sd 2:0:1:0: [sdb] Attached SCSI disk
[   13.990487] sd 2:0:0:0: [sda] Write Protect is off
[   13.994364] sd 2:0:0:0: [sda] Incomplete mode parameter data
[   13.999339] sd 2:0:0:0: [sda] Assuming drive cache: write through
[   14.002726]  sda: sda1
[   14.004765] sd 2:0:0:0: [sda] Attached SCSI disk
Begin: Loading e[   15.788771] md: linear personality registered for level -1
ssential drivers[   15.816873] md: multipath personality registered for level -4
 ... [   15.928423] md: raid0 personality registered for level 0
[   15.982403] md: raid1 personality registered for level 1
[   16.184045] raid6: sse2x1   gen()  3087 MB/s
[   16.284052] raid6: sse2x1   xor()  2010 MB/s
[   16.364080] raid6: sse2x2   gen()  5224 MB/s
[   16.440219] raid6: sse2x2   xor()  3644 MB/s
[   16.516318] raid6: sse2x4   gen()  8312 MB/s
[   16.635868] raid6: sse2x4   xor()  4525 MB/s
[   16.804242] raid6: avx2x1   gen()  6600 MB/s
[   16.900331] raid6: avx2x2   gen() 12164 MB/s
[   17.048198] raid6: avx2x4   gen() 15917 MB/s
[   17.113914] raid6: using algorithm avx2x4 gen() 15917 MB/s
[   17.180744] raid6: using avx2x2 recovery algorithm
[   17.247174] xor: automatically using best checksumming function:
[   17.412406]    avx       : 20524.000 MB/sec
[   17.513727] async_tx: api initialized (async)
[   17.530807] md: raid6 personality registered for level 6
[   17.544551] md: raid5 personality registered for level 5
[   17.550756] md: raid4 personality registered for level 4
[   17.560293] md: raid10 personality registered for level 10
done.
Begin: Running /scripts/init-premount ... done.
Begin: Mounting root file system ... Begin: Running /scripts/local-top ... done.
Begin: Running /scripts/local-premount ... [   17.709880] Btrfs loaded
Scanning for Btrfs filesystems
done.
Warning: fsck no[   17.749868] EXT4-fs (sda1): mounted filesystem with ordered data mode. Opts: (null)
t present, so skipping root file system
done.
Begin: Running /scripts/local-bottom ... done.
Begin: Running /scripts/init-bottom ... done.
[   17.866343] systemd[1]: systemd 229 running in system mode. (+PAM +AUDIT +SELINUX +IMA +APPARMOR +SMACK +SYSVINIT +UTMP +LIBCRYPTSETUP +GCRYPT +GNUTLS +ACL +XZ -LZ4 +SECCOMP +BLKID +ELFUTILS +KMOD -IDN)
[   17.979544] systemd[1]: Detected virtualization oracle.
[   17.981163] systemd[1]: Detected architecture x86-64.

Welcome to [1mUbuntu 16.04.6 LTS[0m!

[   17.986796] systemd[1]: Set hostname to <ubuntu-xenial>.
[   18.206123] systemd[1]: Reached target Encrypted Volumes.
[[0;32m  OK  [0m] Reached target Encrypted Volumes.
[   18.295011] systemd[1]: Listening on /dev/initctl Compatibility Named Pipe.
[[0;32m  OK  [0m] Listening on /dev/initctl Compatibility Named Pipe.
[   18.317243] systemd[1]: Set up automount Arbitrary Executable File Formats File System Automount Point.
[[0;32m  OK  [0m] Set up automount Arbitrary Executab...ats File System Automount Point.
[   18.322387] systemd[1]: Listening on Journal Audit Socket.
[[0;32m  OK  [0m] Listening on Journal Audit Socket.
[   18.349306] systemd[1]: Created slice System Slice.
[[0;32m  OK  [0m] Created slice System Slice.
[   18.352649] systemd[1]: Listening on Journal Socket (/dev/log).
[[0;32m  OK  [0m] Listening on Journal Socket (/dev/log).
[   18.356177] systemd[1]: Listening on Journal Socket.
[[0;32m  OK  [0m] Listening on Journal Socket.
[   18.375894] systemd[1]: Mounting POSIX Message Queue File System...
         Mounting POSIX Message Queue File System...
[   18.507905] systemd[1]: Mounting Huge Pages File System...
         Mounting Huge Pages File System...
[   18.555262] systemd[1]: Starting Set console keymap...
         Starting Set console keymap...
[   18.588429] systemd[1]: Created slice system-serial\x2dgetty.slice.
[[0;32m  OK  [0m] Created slice system-serial\x2dgetty.slice.
[   18.725891] systemd[1]: Listening on udev Control Socket.
[[0;32m  OK  [0m] Listening on udev Control Socket.
[   18.754191] systemd[1]: Starting Nameserver information manager...
         Starting Nameserver information manager...
[   18.759626] systemd[1]: Starting Create list of required static device nodes for the current kernel...
         Starting Create list of required st... nodes for the current kernel...
[   18.792931] systemd[1]: Starting Remount Root and Kernel File Systems...
         Startin[   18.810010] EXT4-fs (sda1): re-mounted. Opts: (null)
g Remount Root and Kernel File Systems...
[   18.814836] systemd[1]: Started Forward Password Requests to Wall Directory Watch.
[[0;32m  OK  [0m] Started Forward Password Requests to Wall Directory Watch.
[   18.820467] systemd[1]: Created slice User and Session Slice.
[[0;32m  OK  [0m] Created slice User and Session Slice.
[   18.823667] systemd[1]: Listening on Device-mapper event daemon FIFOs.
[[0;32m  OK  [0m] Listening on Device-mapper event daemon FIFOs.
[   18.840703] systemd[1]: Mounting Debug File System...
         Mounting Debug File System...
[   18.843450] systemd[1]: Listening on Syslog Socket.
[[0;32m  OK  [0m] Listening on Syslog Socket.
[   18.846939] systemd[1]: Starting Journal Service...
         Starting Journal Service...
[   18.859373] systemd[1]: Starting Uncomplicated firewall...
         Starting Uncomplicated firewall...
[   18.868383] systemd[1]: Reached target Slices.
[[0;32m  OK  [0m] Reached target Slices.
[   18.873539] systemd[1]: Starting Load Kernel Modules...
         Startin[   18.884647] Loading iSCSI transport class v2.0-870.
g Load Kernel Modules...
[   18.928270] systemd[1]: Started Trigger resolvconf update for networkd DNS.
[[0;32m  OK  [0m] Started Trigger resolvconf u[   18.938565] iscsi: registered transport (tcp)
pdate for networkd DNS.
[   18.949990] systemd[1]: Reached target System Time Synchronized.
[[0;32m  OK  [0m] Reached target System Time Synchronized.
[   18.968334] systemd[1]: Listening on LVM2 metadata daemon socket.
[[0;32m  OK  [0m] Listening on LVM2 metadata daemon socket.
[   18.998969] systemd[1]: Listening on udev Kernel Socket.
[[0;32m  OK  [0m] Listening on udev Kernel Soc[   19.020278] iscsi: registered transport (iser)
ket.
[   19.031687] systemd[1]: Listening on LVM2 poll daemon socket.
[[0;32m  OK  [0m] Listening on LVM2 poll daemon socket.
[   19.034668] systemd[1]: Reached target User and Group Name Lookups.
[[0;32m  OK  [0m] Reached target User and Group Name Lookups.
[   19.059931] systemd[1]: Starting Monitoring of LVM2 mirrors, snapshots etc. using dmeventd or progress polling...
         Starting Monitoring of LVM2 mirrors... dmeventd or progress polling...
[   19.075425] systemd[1]: Reached target Swap.
[[0;32m  OK  [0m] Reached target Swap.
[   19.118059] systemd[1]: Mounted Huge Pages File System.
[[0;32m  OK  [0m] Mounted Huge Pages File System.
[   19.214075] systemd[1]: Mounted POSIX Message Queue File System.
[[0;32m  OK  [0m] Mounted POSIX Message Queue File System.
[   19.344347] systemd[1]: Mounted Debug File System.
[[0;32m  OK  [0m] Mounted Debug File System.
[   19.472525] systemd[1]: Started Journal Service.
[[0;32m  OK  [0m] Started Journal Service.
[[0;32m  OK  [0m] Started Set console keymap.
[[0;32m  OK  [0m] Started Crea[   19.592958] random: nonblocking pool is initialized
te list of required sta...ce nodes for the current kernel.
[[0;32m  OK  [0m] Started Remount Root and Kernel File Systems.
[[0;32m  OK  [0m] Started Uncomplicated firewall.
[[0;32m  OK  [0m] Started Load Kernel Modules.
[[0;32m  OK  [0m] Started Nameserver information manager.
[[0;32m  OK  [0m] Started LVM2 metadata daemon.
         Starting Apply Kernel Variables...
         Mounting FUSE Control File System...
         Starting Load/Save Random Seed...
         Starting udev Coldplug all Devices...
         Starting Create Static Device Nodes in /dev...
         Starting Flush Journal to Persistent Storage...
[[0;32m  OK  [0m] Mounted FUSE Control File System.
[[0;32m  OK  [0m] Started Apply Kernel Variables.
[[0;32m  OK  [0m] Started Monitoring of LVM2 mirrors,...ng dmeventd or progress polling.
[[0;32m  OK  [0m] Started Load/Save Random Seed.
[[0;32m  OK  [0m] Started Create Static Device Nodes in /dev.
[[0;32m  OK  [0m] Started udev Coldplug all Devices.
[[0;32m  OK  [0m] Started Flush Journal to Persistent Storage.
         Starting udev Kernel Device Manager...
[[0;32m  OK  [0m] Reached target Local File Systems (Pre).
[[0;32m  OK  [0m] Reached target Local File Systems.
         Starting Initial cloud-init job (pre-networking)...
         Starting Set console font and keymap...
         Starting Create Volatile Files and Directories...
         Starting Tell Plymouth To Write Out Runtime Data...
         Starting LSB: AppArmor initialization...
[[0;32m  OK  [0m] Started udev Kernel Device Manager.
[[0;32m  OK  [0m] Started Create Volatile Files and Directories.
[[0;32m  OK  [0m] Started Tell Plymouth To Write Out Runtime Data.
[[0;32m  OK  [0m] Found device /dev/ttyS0.
[[0;32m  OK  [0m] Listening on Load/Save RF Kill Switch Status /dev/rfkill Watch.
[   15.457577] cloud-init[468]: Cloud-init v. 18.5-45-g3554ffe8-0ubuntu1~16.04.1 running 'init-local' at Fri, 22 Mar 2019 11:35:09 +0000. Up 15.06 seconds.
         Starting Update UTMP about System Boot/Shutdown...
[[0;32m  OK  [0m] Started Dispatch Password Requests to Console Directory Watch.
[[0;32m  OK  [0m] Started LSB: AppArmor initialization.
[[0;32m  OK  [0m] Started Set console font and keymap.
[[0;32m  OK  [0m] Started Initial cloud-init job (pre-networking).
[[0;32m  OK  [0m] Found device 82540EM Gigabit Ethern...r (PRO/1000 MT Desktop Adapter).
[[0;32m  OK  [0m] Started Update UTMP about System Boot/Shutdown.
[[0;32m  OK  [0m] Reached target Network (Pre).
[[0;32m  OK  [0m] Created slice system-getty.slice.
[[0;32m  OK  [0m] Started ifup for enp0s3.
         Starting Raise network interfaces...
[[0;32m  OK  [0m] Started Raise network interfaces.
[[0;32m  OK  [0m] Reached target Network.
         Starting Initial cloud-init job (metadata service crawler)...
[   17.603266] cloud-init[966]: Cloud-init v. 18.5-45-g3554ffe8-0ubuntu1~16.04.1 running 'init' at Fri, 22 Mar 2019 11:35:11 +0000. Up 17.19 seconds.
[   17.612551] cloud-init[966]: ci-info: +++++++++++++++++++++++++++++++++++++Net device info++++++++++++++++++++++++++++++++++++++
[   17.618780] cloud-init[966]: ci-info: +--------+------+---------------------------+---------------+--------+-------------------+
[   17.621143] cloud-init[966]: ci-info: | Device |  Up  |          Address          |      Mask     | Scope  |     Hw-Address    |
[   17.623515] cloud-init[966]: ci-info: +--------+------+---------------------------+---------------+--------+-------------------+
[   17.648115] cloud-init[966]: ci-info: | enp0s3 | True |         10.0.2.15         | 255.255.255.0 | global | 02:0a:56:fb:b9:09 |
[   17.650612] cloud-init[966]: ci-info: | enp0s3 | True | fe80::a:56ff:fefb:b909/64 |       .       |  link  | 02:0a:56:fb:b9:09 |
[   17.652957] cloud-init[966]: ci-info: |   lo   | True |         127.0.0.1         |   255.0.0.0   |  host  |         .         |
[   17.660256] cloud-init[966]: ci-info: |   lo   | True |          ::1/128          |       .       |  host  |         .         |
[   17.691003] cloud-init[966]: ci-info: +--------+------+---------------------------+---------------+--------+-------------------+
[   17.691395] cloud-init[966]: ci-info: +++++++++++++++++++++++++++Route IPv4 info++++++++++++++++++++++++++++
[   17.691588] cloud-init[966]: ci-info: +-------+-------------+----------+---------------+-----------+-------+
[   17.691761] cloud-init[966]: ci-info: | Route | Destination | Gateway  |    Genmask    | Interface | Flags |
[   17.691964] cloud-init[966]: ci-info: +-------+-------------+----------+---------------+-----------+-------+
[   17.692164] cloud-init[966]: ci-info: |   0   |   0.0.0.0   | 10.0.2.2 |    0.0.0.0    |   enp0s3  |   UG  |
[   17.692505] cloud-init[966]: ci-info: |   1   |   10.0.2.0  | 0.0.0.0  | 255.255.255.0 |   enp0s3  |   U   |
[   17.692673] cloud-init[966]: ci-info: +-------+-------------+----------+---------------+-----------+-------+
[   17.692856] cloud-init[966]: ci-info: +++++++++++++++++++Route IPv6 info+++++++++++++++++++
[   17.693035] cloud-init[966]: ci-info: +-------+-------------+---------+-----------+-------+
[[0;32m  OK  [0m] Started Initial cloud-init job (metadata service crawler).
[   17.693232] cloud-init[966]: ci-info: | Route | Destination | Gateway | Interface | Flags |
[   18.313532] cloud-init[966]: ci-info: +-------+-------------+---------+-----------+-------+
[   18.315500] cloud-init[966]: ci-info: |   0   |  fe80::/64  |    ::   |   enp0s3  |   U   |
[[0;32m  OK  [0m] Reached target Network is Online.
[   18.316474] cloud-init[966]: ci-info: |   3   |   ff00::/8  |    ::   |   enp0s3  |   U   |
[   18.469263] cloud-init[966]: ci-info: +-------+-------------+---------+-----------+-------+
         Starting iSCSI initiator daemon (iscsid)...
[[0;32m  OK  [0m] Reached target System Initialization.
[[0;32m  OK  [0m] Started Daily apt download activities.
[[0;32m  OK  [0m] Listening on ACPID Listen Socket.
         Starting LXD - unix socket.
[[0;32m  OK  [0m] Started Daily Cleanup of Temporary Directories.
[[0;32m  OK  [0m] Started ACPI Events Check.
[[0;32m  OK  [0m] Reached target Paths.
[[0;32m  OK  [0m] Listening on D-Bus System Message Bus Socket.
[[0;32m  OK  [0m] Listening on UUID daemon activation socket.
[[0;32m  OK  [0m] Started Daily apt upgrade and clean activities.
[[0;32m  OK  [0m] Reached target Timers.
         Starting Socket activation for snappy daemon.
[[0;32m  OK  [0m] Reached target Cloud-config availability.
[[0;32m  OK  [0m] Listening on LXD - unix socket.
[[0;32m  OK  [0m] Listening on Socket activation for snappy daemon.
[[0;32m  OK  [0m] Started iSCSI initiator daemon (iscsid).
         Starting Login to default iSCSI targets...
[[0;32m  OK  [0m] Reached target Sockets.
[[0;32m  OK  [0m] Reached target Basic System.
[[0;32m  OK  [0m] Started FUSE filesystem for LXC.
[[0;32m  OK  [0m] Started Unattended Upgrades Shutdown.
         Starting Virtualbox guest utils...
         Starting MySQL Community Server...
[[0;32m  OK  [0m] Started ACPI event daemon.
         Starting /etc/rc.local Compatibility...
         Starting Accounts Service...
         Starting Login Service...
[[0;32m  OK  [0m] Started Regular background program processing daemon.
         Starting A high performance web server and a reverse proxy server...
         Starting System Logging Service...
         Starting LSB: Record successful boot for GRUB...
         Starting LSB: MD monitoring daemon...
[[0;32m  OK  [0m] Started D-Bus System Message Bus.
[[0;32m  OK  [0m] Started Deferred execution scheduler.
         Starting Snappy daemon...
         Starting OpenBSD Secure Shell server...
         Starting LXD - container startup/shutdown...
[[0;32m  OK  [0m] Started System Logging Service.
[[0;32m  OK  [0m] Started /etc/rc.local Compatibility.
[[0;32m  OK  [0m] Started A high performance web server and a reverse proxy server.
[[0;32m  OK  [0m] Started OpenBSD Secure Shell server.
[[0;32m  OK  [0m] Started Login to default iSCSI targets.
[[0;32m  OK  [0m] Started LXD - container startup/shutdown.
[[0;32m  OK  [0m] Started Snappy daemon.
[[0;32m  OK  [0m] Started LSB: Record successful boot for GRUB.
[[0;32m  OK  [0m] Started LSB: MD monitoring daemon.
[[0;32m  OK  [0m] Started Virtualbox guest utils.
[[0;32m  OK  [0m] Started Login Service.
         Starting Authenticate and Authorize Users to Run Privileged Tasks...
         Starting Wait until snapd is fully seeded...
[[0;32m  OK  [0m] Reached target Remote File Systems (Pre).
[[0;32m  OK  [0m] Reached target Remote File Systems.
         Starting LSB: automatic crash report generation...
         Starting Permit User Sessions...
         Starting LSB: daemon to balance interrupts for SMP systems...
         Starting LSB: Set the CPU Frequency Scaling governor to "ondemand"...
[[0;32m  OK  [0m] Started Wait until snapd is fully seeded.
[[0;32m  OK  [0m] Started Permit User Sessions.
[[0;32m  OK  [0m] Started Authenticate and Authorize Users to Run Privileged Tasks.
[[0;32m  OK  [0m] Started Accounts Service.
[[0;32m  OK  [0m] Started LSB: automatic crash report generation.
[[0;32m  OK  [0m] Started LSB: daemon to balance interrupts for SMP systems.
         Starting Hold until boot process finishes up...
         Starting Terminate Plymouth Boot Screen...
         Starting Apply the settings specified in cloud-config...
[[0;32m  OK  [0m] Started LSB: Set the CPU Frequency Scaling governor to "ondemand".
[[0;32m  OK  [0m] Started Hold until boot process finishes up.
[[0;32m  OK  [0m] Started Terminate Plymouth Boot Screen.
         Starting Set console scheme...
[[0;32m  OK  [0m] Started Serial Getty on ttyS0.
[[0;32m  OK  [0m] Started Getty on tty1.
[[0;32m  OK  [0m] Reached target Login Prompts.
[[0;32m  OK  [0m] Started Set console scheme.
[   21.303253] cloud-init[1250]: Cloud-init v. 18.5-45-g3554ffe8-0ubuntu1~16.04.1 running 'modules:config' at Fri, 22 Mar 2019 11:35:15 +0000. Up 21.12 seconds.
[[0;32m  OK  [0m] Started Apply the settings specified in cloud-config.
[[0;32m  OK  [0m] Started MySQL Community Server.
[[0;32m  OK  [0m] Reached target Multi-User System.
[[0;32m  OK  [0m] Reached target Graphical Interface.
         Starting Update UTMP about System Runlevel Changes...
         Starting Execute cloud user/final scripts...
[[0;32m  OK  [0m] Started Update UTMP about System Runlevel Changes.
[   22.245604] cloud-init[1275]: Cloud-init v. 18.5-45-g3554ffe8-0ubuntu1~16.04.1 running 'modules:final' at Fri, 22 Mar 2019 11:35:16 +0000. Up 22.06 seconds.
[   22.251789] cloud-init[1275]: Cloud-init v. 18.5-45-g3554ffe8-0ubuntu1~16.04.1 finished at Fri, 22 Mar 2019 11:35:16 +0000. Datasource DataSourceNoCloud [seed=/dev/sdb][dsmode=net].  Up 22.23 seconds
[[0;32m  OK  [0m] Started Execute cloud user/final scripts.
[[0;32m  OK  [0m] Reached target Cloud-init target.

Ubuntu 16.04.6 LTS ubuntu-xenial ttyS0

ubuntu-xenial login: 